\BOOKMARK [1][-]{section.1}{Reviewer: 1 \(R1\)}{}% 1
\BOOKMARK [2][-]{subsection.1.1}{Expand set of simulations}{section.1}% 2
\BOOKMARK [2][-]{subsection.1.2}{Presentation}{section.1}% 3
\BOOKMARK [3][-]{subsubsection.1.2.1}{Assumptions}{subsection.1.2}% 4
\BOOKMARK [3][-]{subsubsection.1.2.2}{Consistency for index i}{subsection.1.2}% 5
\BOOKMARK [3][-]{subsubsection.1.2.3}{Define SATT}{subsection.1.2}% 6
\BOOKMARK [3][-]{subsubsection.1.2.4}{NHIS sample design}{subsection.1.2}% 7
\BOOKMARK [3][-]{subsubsection.1.2.5}{Interpretation of results}{subsection.1.2}% 8
\BOOKMARK [1][-]{section.2}{Reviewer: 2 \(R2\)}{}% 9
\BOOKMARK [2][-]{subsection.2.1}{Identifying assumptions}{section.2}% 10
\BOOKMARK [3][-]{subsubsection.2.1.1}{Notation}{subsection.2.1}% 11
\BOOKMARK [3][-]{subsubsection.2.1.2}{Assumption 2}{subsection.2.1}% 12
\BOOKMARK [3][-]{subsubsection.2.1.3}{Placebo test}{subsection.2.1}% 13
\BOOKMARK [3][-]{subsubsection.2.1.4}{Violation of no defiers assumption}{subsection.2.1}% 14
\BOOKMARK [2][-]{subsection.2.2}{Prediction threshold and modeling assumptions}{section.2}% 15
\BOOKMARK [2][-]{subsection.2.3}{Interpretation of estimator}{section.2}% 16
\BOOKMARK [2][-]{subsection.2.4}{Relationship to AIR approach}{section.2}% 17
\BOOKMARK [1][-]{section.3}{Reviewer: 3 \(R3\)}{}% 18
\BOOKMARK [2][-]{subsection.3.1}{Generalizability and originality}{section.3}% 19
\BOOKMARK [2][-]{subsection.3.2}{Abstract}{section.3}% 20
\BOOKMARK [2][-]{subsection.3.3}{DAG}{section.3}% 21
\BOOKMARK [2][-]{subsection.3.4}{Clarification re: proof}{section.3}% 22
\BOOKMARK [2][-]{subsection.3.5}{Plausibility of strong ignorability assumptions}{section.3}% 23
\BOOKMARK [2][-]{subsection.3.6}{Clarification re: estimation procedure}{section.3}% 24
\BOOKMARK [3][-]{subsubsection.3.6.1}{Prediction threshold}{subsection.3.6}% 25
\BOOKMARK [3][-]{subsubsection.3.6.2}{Relationship to reweighting methods}{subsection.3.6}% 26
\BOOKMARK [3][-]{subsubsection.3.6.3}{Description of predictive algorithms}{subsection.3.6}% 27
\BOOKMARK [2][-]{subsection.3.7}{Grammatical}{section.3}% 28
